2023-09-10 08:32:10.243 [info] Extension host with pid 344 started
2023-09-10 08:32:10.442 [info] ExtensionService#_doActivateExtension vscode.ipynb, startup: false, activationEvent: 'onNotebookSerializer:jupyter-notebook'
2023-09-10 08:32:10.450 [info] ExtensionService#_doActivateExtension vscode.tunnel-forwarding, startup: false, activationEvent: 'onTunnel'
2023-09-10 08:32:10.874 [info] Lock '/root/.vscode-server/data/User/workspaceStorage/53354e54c73793a61b953111aec0faec/vscode.lock': Lock acquired.
2023-09-10 08:32:11.027 [info] ExtensionService#_doActivateExtension vscode.git-base, startup: true, activationEvent: '*', root cause: vscode.git
2023-09-10 08:32:11.313 [info] ExtensionService#_doActivateExtension vscode.git, startup: true, activationEvent: '*'
2023-09-10 08:32:11.326 [info] ExtensionService#_doActivateExtension vscode.github, startup: true, activationEvent: '*'
2023-09-10 08:32:12.903 [info] ExtensionService#_doActivateExtension ms-toolsai.jupyter, startup: false, activationEvent: 'onNotebook:jupyter-notebook'
2023-09-10 08:32:12.905 [info] ExtensionService#_doActivateExtension ms-toolsai.vscode-jupyter-cell-tags, startup: false, activationEvent: 'onNotebook:jupyter-notebook'
2023-09-10 08:32:12.907 [info] ExtensionService#_doActivateExtension ms-toolsai.vscode-jupyter-slideshow, startup: false, activationEvent: 'onNotebook:jupyter-notebook'
2023-09-10 08:32:12.909 [info] ExtensionService#_doActivateExtension ms-toolsai.jupyter-renderers, startup: false, activationEvent: 'onNotebook:*'
2023-09-10 08:32:14.682 [info] Eager extensions activated
2023-09-10 08:32:14.684 [info] ExtensionService#_doActivateExtension vscode.debug-auto-launch, startup: false, activationEvent: 'onStartupFinished'
2023-09-10 08:32:14.685 [info] ExtensionService#_doActivateExtension vscode.merge-conflict, startup: false, activationEvent: 'onStartupFinished'
2023-09-10 08:32:17.078 [info] ExtensionService#_doActivateExtension ms-python.python, startup: false, activationEvent: 'api', root cause: ms-toolsai.jupyter
2023-09-10 08:32:18.685 [info] ExtensionService#_doActivateExtension vscode.emmet, startup: false, activationEvent: 'onLanguage'
2023-09-10 08:32:19.766 [info] ExtensionService#_doActivateExtension ms-python.vscode-pylance, startup: false, activationEvent: 'onLanguage:python'
2023-09-10 08:35:05.178 [error] [ms-python.python] provider FAILED
2023-09-10 08:35:05.217 [error] TypeError: Cannot read properties of undefined (reading 'data')
	at /root/.vscode-server/extensions/ms-python.vscode-pylance-2023.9.10/dist/extension.bundle.js:1:70776
	at _0x14cc73 (/root/.vscode-server/extensions/ms-python.vscode-pylance-2023.9.10/dist/extension.bundle.js:1:82543)
	at async pe.provideCompletionItems (/root/.vscode-server/bin/8b617bd08fd9e3fc94d14adb8d358b56e3f72314/out/vs/workbench/api/node/extensionHostProcess.js:110:51158)
2023-09-10 08:35:16.442 [info] ExtensionService#_doActivateExtension vscode.npm, startup: false, activationEvent: 'onTerminalQuickFixRequest:ms-vscode.npm-command'
2023-09-10 08:45:35.397 [info] Extension host terminating: received terminate message from renderer
2023-09-10 08:45:35.399 [info] Lock '/root/.vscode-server/data/User/workspaceStorage/53354e54c73793a61b953111aec0faec/vscode.lock': Marking the lockfile as scheduled to be released in 6000 ms.
2023-09-10 08:45:35.478 [error] Canceled: Canceled
	at new h (/root/.vscode-server/bin/8b617bd08fd9e3fc94d14adb8d358b56e3f72314/out/vs/workbench/api/node/extensionHostProcess.js:108:57382)
	at i.O (/root/.vscode-server/bin/8b617bd08fd9e3fc94d14adb8d358b56e3f72314/out/vs/workbench/api/node/extensionHostProcess.js:117:10850)
	at j.<computed>.T.charCodeAt.j.<computed> (/root/.vscode-server/bin/8b617bd08fd9e3fc94d14adb8d358b56e3f72314/out/vs/workbench/api/node/extensionHostProcess.js:117:8289)
	at r.g (/root/.vscode-server/bin/8b617bd08fd9e3fc94d14adb8d358b56e3f72314/out/vs/workbench/api/node/extensionHostProcess.js:108:82208)
	at r.executeCommand (/root/.vscode-server/bin/8b617bd08fd9e3fc94d14adb8d358b56e3f72314/out/vs/workbench/api/node/extensionHostProcess.js:108:81646)
	at u.registerCommand.description (/root/.vscode-server/bin/8b617bd08fd9e3fc94d14adb8d358b56e3f72314/out/vs/workbench/api/node/extensionHostProcess.js:108:80967)
	at r.h (/root/.vscode-server/bin/8b617bd08fd9e3fc94d14adb8d358b56e3f72314/out/vs/workbench/api/node/extensionHostProcess.js:108:82744)
	at r.g (/root/.vscode-server/bin/8b617bd08fd9e3fc94d14adb8d358b56e3f72314/out/vs/workbench/api/node/extensionHostProcess.js:108:81739)
	at r.executeCommand (/root/.vscode-server/bin/8b617bd08fd9e3fc94d14adb8d358b56e3f72314/out/vs/workbench/api/node/extensionHostProcess.js:108:81646)
	at Object.executeCommand (/root/.vscode-server/bin/8b617bd08fd9e3fc94d14adb8d358b56e3f72314/out/vs/workbench/api/node/extensionHostProcess.js:123:21247)
	at ku.executeCommand (/root/.vscode-server/extensions/ms-toolsai.jupyter-2023.8.1002501831-linux-x64/out/extension.node.js:17:7443)
	at nS.set (/root/.vscode-server/extensions/ms-toolsai.jupyter-2023.8.1002501831-linux-x64/out/extension.node.js:24:300572)
	at _k.updateContextOfActiveNotebookKernel (/root/.vscode-server/extensions/ms-toolsai.jupyter-2023.8.1002501831-linux-x64/out/extension.node.js:24:497839)
	at _k.onDidKernelStatusChange (/root/.vscode-server/extensions/ms-toolsai.jupyter-2023.8.1002501831-linux-x64/out/extension.node.js:24:499428)
	at m.w (/root/.vscode-server/bin/8b617bd08fd9e3fc94d14adb8d358b56e3f72314/out/vs/workbench/api/node/extensionHostProcess.js:63:1902)
	at m.x (/root/.vscode-server/bin/8b617bd08fd9e3fc94d14adb8d358b56e3f72314/out/vs/workbench/api/node/extensionHostProcess.js:63:1972)
	at m.fire (/root/.vscode-server/bin/8b617bd08fd9e3fc94d14adb8d358b56e3f72314/out/vs/workbench/api/node/extensionHostProcess.js:63:2188)
	at pv.<anonymous> (/root/.vscode-server/extensions/ms-toolsai.jupyter-2023.8.1002501831-linux-x64/out/extension.node.js:24:39671)
	at m.w (/root/.vscode-server/bin/8b617bd08fd9e3fc94d14adb8d358b56e3f72314/out/vs/workbench/api/node/extensionHostProcess.js:63:1902)
	at m.x (/root/.vscode-server/bin/8b617bd08fd9e3fc94d14adb8d358b56e3f72314/out/vs/workbench/api/node/extensionHostProcess.js:63:1972)
	at m.fire (/root/.vscode-server/bin/8b617bd08fd9e3fc94d14adb8d358b56e3f72314/out/vs/workbench/api/node/extensionHostProcess.js:63:2188)
	at /root/.vscode-server/extensions/ms-toolsai.jupyter-2023.8.1002501831-linux-x64/out/extension.node.js:17:249842
	at Qg.dispose (/root/.vscode-server/extensions/ms-toolsai.jupyter-2023.8.1002501831-linux-x64/out/extension.node.js:17:249944)
	at /root/.vscode-server/extensions/ms-toolsai.jupyter-2023.8.1002501831-linux-x64/out/extension.node.js:2:1772561
	at Array.map (<anonymous>)
	at ic.dispose (/root/.vscode-server/extensions/ms-toolsai.jupyter-2023.8.1002501831-linux-x64/out/extension.node.js:2:1772551)
	at Module.Nx (/root/.vscode-server/extensions/ms-toolsai.jupyter-2023.8.1002501831-linux-x64/out/extension.node.js:24:651546)
	at n.Z (/root/.vscode-server/bin/8b617bd08fd9e3fc94d14adb8d358b56e3f72314/out/vs/workbench/api/node/extensionHostProcess.js:119:9460)
	at /root/.vscode-server/bin/8b617bd08fd9e3fc94d14adb8d358b56e3f72314/out/vs/workbench/api/node/extensionHostProcess.js:119:7585
	at Array.map (<anonymous>)
	at n.S (/root/.vscode-server/bin/8b617bd08fd9e3fc94d14adb8d358b56e3f72314/out/vs/workbench/api/node/extensionHostProcess.js:119:7572)
	at n.terminate (/root/.vscode-server/bin/8b617bd08fd9e3fc94d14adb8d358b56e3f72314/out/vs/workbench/api/node/extensionHostProcess.js:119:7844)
	at o.terminate (/root/.vscode-server/bin/8b617bd08fd9e3fc94d14adb8d358b56e3f72314/out/vs/workbench/api/node/extensionHostProcess.js:123:1513)
	at D (/root/.vscode-server/bin/8b617bd08fd9e3fc94d14adb8d358b56e3f72314/out/vs/workbench/api/node/extensionHostProcess.js:136:9800)
	at n.value (/root/.vscode-server/bin/8b617bd08fd9e3fc94d14adb8d358b56e3f72314/out/vs/workbench/api/node/extensionHostProcess.js:136:7847)
	at m.w (/root/.vscode-server/bin/8b617bd08fd9e3fc94d14adb8d358b56e3f72314/out/vs/workbench/api/node/extensionHostProcess.js:63:1902)
	at m.fire (/root/.vscode-server/bin/8b617bd08fd9e3fc94d14adb8d358b56e3f72314/out/vs/workbench/api/node/extensionHostProcess.js:63:2119)
	at v.fire (/root/.vscode-server/bin/8b617bd08fd9e3fc94d14adb8d358b56e3f72314/out/vs/workbench/api/node/extensionHostProcess.js:79:13940)
	at s.z (/root/.vscode-server/bin/8b617bd08fd9e3fc94d14adb8d358b56e3f72314/out/vs/workbench/api/node/extensionHostProcess.js:79:17005)
	at n.value (/root/.vscode-server/bin/8b617bd08fd9e3fc94d14adb8d358b56e3f72314/out/vs/workbench/api/node/extensionHostProcess.js:79:15457)
	at m.w (/root/.vscode-server/bin/8b617bd08fd9e3fc94d14adb8d358b56e3f72314/out/vs/workbench/api/node/extensionHostProcess.js:63:1902)
	at m.fire (/root/.vscode-server/bin/8b617bd08fd9e3fc94d14adb8d358b56e3f72314/out/vs/workbench/api/node/extensionHostProcess.js:63:2119)
	at n.acceptChunk (/root/.vscode-server/bin/8b617bd08fd9e3fc94d14adb8d358b56e3f72314/out/vs/workbench/api/node/extensionHostProcess.js:79:11714)
	at n.value (/root/.vscode-server/bin/8b617bd08fd9e3fc94d14adb8d358b56e3f72314/out/vs/workbench/api/node/extensionHostProcess.js:79:11001)
	at m.w (/root/.vscode-server/bin/8b617bd08fd9e3fc94d14adb8d358b56e3f72314/out/vs/workbench/api/node/extensionHostProcess.js:63:1902)
	at m.fire (/root/.vscode-server/bin/8b617bd08fd9e3fc94d14adb8d358b56e3f72314/out/vs/workbench/api/node/extensionHostProcess.js:63:2119)
	at m.u (/root/.vscode-server/bin/8b617bd08fd9e3fc94d14adb8d358b56e3f72314/out/vs/workbench/api/node/extensionHostProcess.js:133:19093)
	at m.acceptFrame (/root/.vscode-server/bin/8b617bd08fd9e3fc94d14adb8d358b56e3f72314/out/vs/workbench/api/node/extensionHostProcess.js:133:18899)
	at a.l (/root/.vscode-server/bin/8b617bd08fd9e3fc94d14adb8d358b56e3f72314/out/vs/workbench/api/node/extensionHostProcess.js:133:17532)
	at /root/.vscode-server/bin/8b617bd08fd9e3fc94d14adb8d358b56e3f72314/out/vs/workbench/api/node/extensionHostProcess.js:133:14879
	at Socket.p (/root/.vscode-server/bin/8b617bd08fd9e3fc94d14adb8d358b56e3f72314/out/vs/workbench/api/node/extensionHostProcess.js:133:12793)
	at Socket.emit (node:events:513:28)
	at addChunk (node:internal/streams/readable:324:12)
	at readableAddChunk (node:internal/streams/readable:297:9)
	at Readable.push (node:internal/streams/readable:234:10)
	at TCP.onStreamRead (node:internal/stream_base_commons:190:23) setContext undefined
2023-09-10 08:45:40.462 [info] Extension host with pid 344 exiting with code 0
