2023-09-10 08:29:01.575 [info] Extension host with pid 15661 started
2023-09-10 08:29:01.718 [info] ExtensionService#_doActivateExtension vscode.ipynb, startup: false, activationEvent: 'onNotebookSerializer:jupyter-notebook'
2023-09-10 08:29:01.727 [info] ExtensionService#_doActivateExtension vscode.tunnel-forwarding, startup: false, activationEvent: 'onTunnel'
2023-09-10 08:29:01.978 [info] Lock '/root/.vscode-server/data/User/workspaceStorage/53354e54c73793a61b953111aec0faec/vscode.lock': Lock acquired.
2023-09-10 08:29:02.062 [info] ExtensionService#_doActivateExtension vscode.git-base, startup: true, activationEvent: '*', root cause: vscode.git
2023-09-10 08:29:02.231 [info] ExtensionService#_doActivateExtension vscode.git, startup: true, activationEvent: '*'
2023-09-10 08:29:02.233 [info] ExtensionService#_doActivateExtension vscode.github, startup: true, activationEvent: '*'
2023-09-10 08:29:02.637 [info] Eager extensions activated
2023-09-10 08:29:02.639 [info] ExtensionService#_doActivateExtension vscode.debug-auto-launch, startup: false, activationEvent: 'onStartupFinished'
2023-09-10 08:29:02.642 [info] ExtensionService#_doActivateExtension vscode.merge-conflict, startup: false, activationEvent: 'onStartupFinished'
2023-09-10 08:29:02.943 [info] Extension host terminating: received terminate message from renderer
2023-09-10 08:29:02.951 [info] Lock '/root/.vscode-server/data/User/workspaceStorage/53354e54c73793a61b953111aec0faec/vscode.lock': Marking the lockfile as scheduled to be released in 6000 ms.
2023-09-10 08:29:02.986 [info] ExtensionService#_doActivateExtension ms-toolsai.jupyter, startup: false, activationEvent: 'onNotebook:jupyter-notebook'
2023-09-10 08:29:02.987 [info] ExtensionService#_doActivateExtension ms-toolsai.vscode-jupyter-cell-tags, startup: false, activationEvent: 'onNotebook:jupyter-notebook'
2023-09-10 08:29:02.989 [info] ExtensionService#_doActivateExtension ms-toolsai.vscode-jupyter-slideshow, startup: false, activationEvent: 'onNotebook:jupyter-notebook'
2023-09-10 08:29:02.991 [info] ExtensionService#_doActivateExtension ms-toolsai.jupyter-renderers, startup: false, activationEvent: 'onNotebook:*'
2023-09-10 08:29:03.487 [error] Canceled: Canceled
	at Object.I [as $4] (/root/.vscode-server/bin/8b617bd08fd9e3fc94d14adb8d358b56e3f72314/out/vs/workbench/api/node/extensionHostProcess.js:10:1032)
	at /root/.vscode-server/bin/8b617bd08fd9e3fc94d14adb8d358b56e3f72314/out/vs/workbench/api/node/extensionHostProcess.js:117:7647
	at Array.forEach (<anonymous>)
	at i.dispose (/root/.vscode-server/bin/8b617bd08fd9e3fc94d14adb8d358b56e3f72314/out/vs/workbench/api/node/extensionHostProcess.js:117:7612)
	at n.terminate (/root/.vscode-server/bin/8b617bd08fd9e3fc94d14adb8d358b56e3f72314/out/vs/workbench/api/node/extensionHostProcess.js:119:7821)
	at o.terminate (/root/.vscode-server/bin/8b617bd08fd9e3fc94d14adb8d358b56e3f72314/out/vs/workbench/api/node/extensionHostProcess.js:123:1513)
	at D (/root/.vscode-server/bin/8b617bd08fd9e3fc94d14adb8d358b56e3f72314/out/vs/workbench/api/node/extensionHostProcess.js:136:9800)
	at n.value (/root/.vscode-server/bin/8b617bd08fd9e3fc94d14adb8d358b56e3f72314/out/vs/workbench/api/node/extensionHostProcess.js:136:7847)
	at m.w (/root/.vscode-server/bin/8b617bd08fd9e3fc94d14adb8d358b56e3f72314/out/vs/workbench/api/node/extensionHostProcess.js:63:1902)
	at m.fire (/root/.vscode-server/bin/8b617bd08fd9e3fc94d14adb8d358b56e3f72314/out/vs/workbench/api/node/extensionHostProcess.js:63:2119)
	at v.fire (/root/.vscode-server/bin/8b617bd08fd9e3fc94d14adb8d358b56e3f72314/out/vs/workbench/api/node/extensionHostProcess.js:79:13940)
	at s.z (/root/.vscode-server/bin/8b617bd08fd9e3fc94d14adb8d358b56e3f72314/out/vs/workbench/api/node/extensionHostProcess.js:79:17005)
	at n.value (/root/.vscode-server/bin/8b617bd08fd9e3fc94d14adb8d358b56e3f72314/out/vs/workbench/api/node/extensionHostProcess.js:79:15457)
	at m.w (/root/.vscode-server/bin/8b617bd08fd9e3fc94d14adb8d358b56e3f72314/out/vs/workbench/api/node/extensionHostProcess.js:63:1902)
	at m.fire (/root/.vscode-server/bin/8b617bd08fd9e3fc94d14adb8d358b56e3f72314/out/vs/workbench/api/node/extensionHostProcess.js:63:2119)
	at n.acceptChunk (/root/.vscode-server/bin/8b617bd08fd9e3fc94d14adb8d358b56e3f72314/out/vs/workbench/api/node/extensionHostProcess.js:79:11714)
	at n.value (/root/.vscode-server/bin/8b617bd08fd9e3fc94d14adb8d358b56e3f72314/out/vs/workbench/api/node/extensionHostProcess.js:79:11001)
	at m.w (/root/.vscode-server/bin/8b617bd08fd9e3fc94d14adb8d358b56e3f72314/out/vs/workbench/api/node/extensionHostProcess.js:63:1902)
	at m.fire (/root/.vscode-server/bin/8b617bd08fd9e3fc94d14adb8d358b56e3f72314/out/vs/workbench/api/node/extensionHostProcess.js:63:2119)
	at m.u (/root/.vscode-server/bin/8b617bd08fd9e3fc94d14adb8d358b56e3f72314/out/vs/workbench/api/node/extensionHostProcess.js:133:19093)
	at m.acceptFrame (/root/.vscode-server/bin/8b617bd08fd9e3fc94d14adb8d358b56e3f72314/out/vs/workbench/api/node/extensionHostProcess.js:133:18899)
	at a.l (/root/.vscode-server/bin/8b617bd08fd9e3fc94d14adb8d358b56e3f72314/out/vs/workbench/api/node/extensionHostProcess.js:133:17532)
	at /root/.vscode-server/bin/8b617bd08fd9e3fc94d14adb8d358b56e3f72314/out/vs/workbench/api/node/extensionHostProcess.js:133:14879
	at Socket.p (/root/.vscode-server/bin/8b617bd08fd9e3fc94d14adb8d358b56e3f72314/out/vs/workbench/api/node/extensionHostProcess.js:133:12793)
	at Socket.emit (node:events:513:28)
	at addChunk (node:internal/streams/readable:324:12)
	at readableAddChunk (node:internal/streams/readable:297:9)
	at Readable.push (node:internal/streams/readable:234:10)
	at TCP.onStreamRead (node:internal/stream_base_commons:190:23) setContext undefined
2023-09-10 08:29:03.488 [error] Canceled: Canceled
	at Object.I [as $4] (/root/.vscode-server/bin/8b617bd08fd9e3fc94d14adb8d358b56e3f72314/out/vs/workbench/api/node/extensionHostProcess.js:10:1032)
	at /root/.vscode-server/bin/8b617bd08fd9e3fc94d14adb8d358b56e3f72314/out/vs/workbench/api/node/extensionHostProcess.js:117:7647
	at Array.forEach (<anonymous>)
	at i.dispose (/root/.vscode-server/bin/8b617bd08fd9e3fc94d14adb8d358b56e3f72314/out/vs/workbench/api/node/extensionHostProcess.js:117:7612)
	at n.terminate (/root/.vscode-server/bin/8b617bd08fd9e3fc94d14adb8d358b56e3f72314/out/vs/workbench/api/node/extensionHostProcess.js:119:7821)
	at o.terminate (/root/.vscode-server/bin/8b617bd08fd9e3fc94d14adb8d358b56e3f72314/out/vs/workbench/api/node/extensionHostProcess.js:123:1513)
	at D (/root/.vscode-server/bin/8b617bd08fd9e3fc94d14adb8d358b56e3f72314/out/vs/workbench/api/node/extensionHostProcess.js:136:9800)
	at n.value (/root/.vscode-server/bin/8b617bd08fd9e3fc94d14adb8d358b56e3f72314/out/vs/workbench/api/node/extensionHostProcess.js:136:7847)
	at m.w (/root/.vscode-server/bin/8b617bd08fd9e3fc94d14adb8d358b56e3f72314/out/vs/workbench/api/node/extensionHostProcess.js:63:1902)
	at m.fire (/root/.vscode-server/bin/8b617bd08fd9e3fc94d14adb8d358b56e3f72314/out/vs/workbench/api/node/extensionHostProcess.js:63:2119)
	at v.fire (/root/.vscode-server/bin/8b617bd08fd9e3fc94d14adb8d358b56e3f72314/out/vs/workbench/api/node/extensionHostProcess.js:79:13940)
	at s.z (/root/.vscode-server/bin/8b617bd08fd9e3fc94d14adb8d358b56e3f72314/out/vs/workbench/api/node/extensionHostProcess.js:79:17005)
	at n.value (/root/.vscode-server/bin/8b617bd08fd9e3fc94d14adb8d358b56e3f72314/out/vs/workbench/api/node/extensionHostProcess.js:79:15457)
	at m.w (/root/.vscode-server/bin/8b617bd08fd9e3fc94d14adb8d358b56e3f72314/out/vs/workbench/api/node/extensionHostProcess.js:63:1902)
	at m.fire (/root/.vscode-server/bin/8b617bd08fd9e3fc94d14adb8d358b56e3f72314/out/vs/workbench/api/node/extensionHostProcess.js:63:2119)
	at n.acceptChunk (/root/.vscode-server/bin/8b617bd08fd9e3fc94d14adb8d358b56e3f72314/out/vs/workbench/api/node/extensionHostProcess.js:79:11714)
	at n.value (/root/.vscode-server/bin/8b617bd08fd9e3fc94d14adb8d358b56e3f72314/out/vs/workbench/api/node/extensionHostProcess.js:79:11001)
	at m.w (/root/.vscode-server/bin/8b617bd08fd9e3fc94d14adb8d358b56e3f72314/out/vs/workbench/api/node/extensionHostProcess.js:63:1902)
	at m.fire (/root/.vscode-server/bin/8b617bd08fd9e3fc94d14adb8d358b56e3f72314/out/vs/workbench/api/node/extensionHostProcess.js:63:2119)
	at m.u (/root/.vscode-server/bin/8b617bd08fd9e3fc94d14adb8d358b56e3f72314/out/vs/workbench/api/node/extensionHostProcess.js:133:19093)
	at m.acceptFrame (/root/.vscode-server/bin/8b617bd08fd9e3fc94d14adb8d358b56e3f72314/out/vs/workbench/api/node/extensionHostProcess.js:133:18899)
	at a.l (/root/.vscode-server/bin/8b617bd08fd9e3fc94d14adb8d358b56e3f72314/out/vs/workbench/api/node/extensionHostProcess.js:133:17532)
	at /root/.vscode-server/bin/8b617bd08fd9e3fc94d14adb8d358b56e3f72314/out/vs/workbench/api/node/extensionHostProcess.js:133:14879
	at Socket.p (/root/.vscode-server/bin/8b617bd08fd9e3fc94d14adb8d358b56e3f72314/out/vs/workbench/api/node/extensionHostProcess.js:133:12793)
	at Socket.emit (node:events:513:28)
	at addChunk (node:internal/streams/readable:324:12)
	at readableAddChunk (node:internal/streams/readable:297:9)
	at Readable.push (node:internal/streams/readable:234:10)
	at TCP.onStreamRead (node:internal/stream_base_commons:190:23) setContext undefined
2023-09-10 08:29:03.489 [error] Canceled: Canceled
	at Object.I [as $4] (/root/.vscode-server/bin/8b617bd08fd9e3fc94d14adb8d358b56e3f72314/out/vs/workbench/api/node/extensionHostProcess.js:10:1032)
	at /root/.vscode-server/bin/8b617bd08fd9e3fc94d14adb8d358b56e3f72314/out/vs/workbench/api/node/extensionHostProcess.js:117:7647
	at Array.forEach (<anonymous>)
	at i.dispose (/root/.vscode-server/bin/8b617bd08fd9e3fc94d14adb8d358b56e3f72314/out/vs/workbench/api/node/extensionHostProcess.js:117:7612)
	at n.terminate (/root/.vscode-server/bin/8b617bd08fd9e3fc94d14adb8d358b56e3f72314/out/vs/workbench/api/node/extensionHostProcess.js:119:7821)
	at o.terminate (/root/.vscode-server/bin/8b617bd08fd9e3fc94d14adb8d358b56e3f72314/out/vs/workbench/api/node/extensionHostProcess.js:123:1513)
	at D (/root/.vscode-server/bin/8b617bd08fd9e3fc94d14adb8d358b56e3f72314/out/vs/workbench/api/node/extensionHostProcess.js:136:9800)
	at n.value (/root/.vscode-server/bin/8b617bd08fd9e3fc94d14adb8d358b56e3f72314/out/vs/workbench/api/node/extensionHostProcess.js:136:7847)
	at m.w (/root/.vscode-server/bin/8b617bd08fd9e3fc94d14adb8d358b56e3f72314/out/vs/workbench/api/node/extensionHostProcess.js:63:1902)
	at m.fire (/root/.vscode-server/bin/8b617bd08fd9e3fc94d14adb8d358b56e3f72314/out/vs/workbench/api/node/extensionHostProcess.js:63:2119)
	at v.fire (/root/.vscode-server/bin/8b617bd08fd9e3fc94d14adb8d358b56e3f72314/out/vs/workbench/api/node/extensionHostProcess.js:79:13940)
	at s.z (/root/.vscode-server/bin/8b617bd08fd9e3fc94d14adb8d358b56e3f72314/out/vs/workbench/api/node/extensionHostProcess.js:79:17005)
	at n.value (/root/.vscode-server/bin/8b617bd08fd9e3fc94d14adb8d358b56e3f72314/out/vs/workbench/api/node/extensionHostProcess.js:79:15457)
	at m.w (/root/.vscode-server/bin/8b617bd08fd9e3fc94d14adb8d358b56e3f72314/out/vs/workbench/api/node/extensionHostProcess.js:63:1902)
	at m.fire (/root/.vscode-server/bin/8b617bd08fd9e3fc94d14adb8d358b56e3f72314/out/vs/workbench/api/node/extensionHostProcess.js:63:2119)
	at n.acceptChunk (/root/.vscode-server/bin/8b617bd08fd9e3fc94d14adb8d358b56e3f72314/out/vs/workbench/api/node/extensionHostProcess.js:79:11714)
	at n.value (/root/.vscode-server/bin/8b617bd08fd9e3fc94d14adb8d358b56e3f72314/out/vs/workbench/api/node/extensionHostProcess.js:79:11001)
	at m.w (/root/.vscode-server/bin/8b617bd08fd9e3fc94d14adb8d358b56e3f72314/out/vs/workbench/api/node/extensionHostProcess.js:63:1902)
	at m.fire (/root/.vscode-server/bin/8b617bd08fd9e3fc94d14adb8d358b56e3f72314/out/vs/workbench/api/node/extensionHostProcess.js:63:2119)
	at m.u (/root/.vscode-server/bin/8b617bd08fd9e3fc94d14adb8d358b56e3f72314/out/vs/workbench/api/node/extensionHostProcess.js:133:19093)
	at m.acceptFrame (/root/.vscode-server/bin/8b617bd08fd9e3fc94d14adb8d358b56e3f72314/out/vs/workbench/api/node/extensionHostProcess.js:133:18899)
	at a.l (/root/.vscode-server/bin/8b617bd08fd9e3fc94d14adb8d358b56e3f72314/out/vs/workbench/api/node/extensionHostProcess.js:133:17532)
	at /root/.vscode-server/bin/8b617bd08fd9e3fc94d14adb8d358b56e3f72314/out/vs/workbench/api/node/extensionHostProcess.js:133:14879
	at Socket.p (/root/.vscode-server/bin/8b617bd08fd9e3fc94d14adb8d358b56e3f72314/out/vs/workbench/api/node/extensionHostProcess.js:133:12793)
	at Socket.emit (node:events:513:28)
	at addChunk (node:internal/streams/readable:324:12)
	at readableAddChunk (node:internal/streams/readable:297:9)
	at Readable.push (node:internal/streams/readable:234:10)
	at TCP.onStreamRead (node:internal/stream_base_commons:190:23) setContext undefined
2023-09-10 08:29:03.491 [error] Canceled: Canceled
	at Object.I [as $4] (/root/.vscode-server/bin/8b617bd08fd9e3fc94d14adb8d358b56e3f72314/out/vs/workbench/api/node/extensionHostProcess.js:10:1032)
	at /root/.vscode-server/bin/8b617bd08fd9e3fc94d14adb8d358b56e3f72314/out/vs/workbench/api/node/extensionHostProcess.js:117:7647
	at Array.forEach (<anonymous>)
	at i.dispose (/root/.vscode-server/bin/8b617bd08fd9e3fc94d14adb8d358b56e3f72314/out/vs/workbench/api/node/extensionHostProcess.js:117:7612)
	at n.terminate (/root/.vscode-server/bin/8b617bd08fd9e3fc94d14adb8d358b56e3f72314/out/vs/workbench/api/node/extensionHostProcess.js:119:7821)
	at o.terminate (/root/.vscode-server/bin/8b617bd08fd9e3fc94d14adb8d358b56e3f72314/out/vs/workbench/api/node/extensionHostProcess.js:123:1513)
	at D (/root/.vscode-server/bin/8b617bd08fd9e3fc94d14adb8d358b56e3f72314/out/vs/workbench/api/node/extensionHostProcess.js:136:9800)
	at n.value (/root/.vscode-server/bin/8b617bd08fd9e3fc94d14adb8d358b56e3f72314/out/vs/workbench/api/node/extensionHostProcess.js:136:7847)
	at m.w (/root/.vscode-server/bin/8b617bd08fd9e3fc94d14adb8d358b56e3f72314/out/vs/workbench/api/node/extensionHostProcess.js:63:1902)
	at m.fire (/root/.vscode-server/bin/8b617bd08fd9e3fc94d14adb8d358b56e3f72314/out/vs/workbench/api/node/extensionHostProcess.js:63:2119)
	at v.fire (/root/.vscode-server/bin/8b617bd08fd9e3fc94d14adb8d358b56e3f72314/out/vs/workbench/api/node/extensionHostProcess.js:79:13940)
	at s.z (/root/.vscode-server/bin/8b617bd08fd9e3fc94d14adb8d358b56e3f72314/out/vs/workbench/api/node/extensionHostProcess.js:79:17005)
	at n.value (/root/.vscode-server/bin/8b617bd08fd9e3fc94d14adb8d358b56e3f72314/out/vs/workbench/api/node/extensionHostProcess.js:79:15457)
	at m.w (/root/.vscode-server/bin/8b617bd08fd9e3fc94d14adb8d358b56e3f72314/out/vs/workbench/api/node/extensionHostProcess.js:63:1902)
	at m.fire (/root/.vscode-server/bin/8b617bd08fd9e3fc94d14adb8d358b56e3f72314/out/vs/workbench/api/node/extensionHostProcess.js:63:2119)
	at n.acceptChunk (/root/.vscode-server/bin/8b617bd08fd9e3fc94d14adb8d358b56e3f72314/out/vs/workbench/api/node/extensionHostProcess.js:79:11714)
	at n.value (/root/.vscode-server/bin/8b617bd08fd9e3fc94d14adb8d358b56e3f72314/out/vs/workbench/api/node/extensionHostProcess.js:79:11001)
	at m.w (/root/.vscode-server/bin/8b617bd08fd9e3fc94d14adb8d358b56e3f72314/out/vs/workbench/api/node/extensionHostProcess.js:63:1902)
	at m.fire (/root/.vscode-server/bin/8b617bd08fd9e3fc94d14adb8d358b56e3f72314/out/vs/workbench/api/node/extensionHostProcess.js:63:2119)
	at m.u (/root/.vscode-server/bin/8b617bd08fd9e3fc94d14adb8d358b56e3f72314/out/vs/workbench/api/node/extensionHostProcess.js:133:19093)
	at m.acceptFrame (/root/.vscode-server/bin/8b617bd08fd9e3fc94d14adb8d358b56e3f72314/out/vs/workbench/api/node/extensionHostProcess.js:133:18899)
	at a.l (/root/.vscode-server/bin/8b617bd08fd9e3fc94d14adb8d358b56e3f72314/out/vs/workbench/api/node/extensionHostProcess.js:133:17532)
	at /root/.vscode-server/bin/8b617bd08fd9e3fc94d14adb8d358b56e3f72314/out/vs/workbench/api/node/extensionHostProcess.js:133:14879
	at Socket.p (/root/.vscode-server/bin/8b617bd08fd9e3fc94d14adb8d358b56e3f72314/out/vs/workbench/api/node/extensionHostProcess.js:133:12793)
	at Socket.emit (node:events:513:28)
	at addChunk (node:internal/streams/readable:324:12)
	at readableAddChunk (node:internal/streams/readable:297:9)
	at Readable.push (node:internal/streams/readable:234:10)
	at TCP.onStreamRead (node:internal/stream_base_commons:190:23) setContext undefined
2023-09-10 08:29:03.491 [error] Canceled: Canceled
	at Object.I [as $4] (/root/.vscode-server/bin/8b617bd08fd9e3fc94d14adb8d358b56e3f72314/out/vs/workbench/api/node/extensionHostProcess.js:10:1032)
	at /root/.vscode-server/bin/8b617bd08fd9e3fc94d14adb8d358b56e3f72314/out/vs/workbench/api/node/extensionHostProcess.js:117:7647
	at Array.forEach (<anonymous>)
	at i.dispose (/root/.vscode-server/bin/8b617bd08fd9e3fc94d14adb8d358b56e3f72314/out/vs/workbench/api/node/extensionHostProcess.js:117:7612)
	at n.terminate (/root/.vscode-server/bin/8b617bd08fd9e3fc94d14adb8d358b56e3f72314/out/vs/workbench/api/node/extensionHostProcess.js:119:7821)
	at o.terminate (/root/.vscode-server/bin/8b617bd08fd9e3fc94d14adb8d358b56e3f72314/out/vs/workbench/api/node/extensionHostProcess.js:123:1513)
	at D (/root/.vscode-server/bin/8b617bd08fd9e3fc94d14adb8d358b56e3f72314/out/vs/workbench/api/node/extensionHostProcess.js:136:9800)
	at n.value (/root/.vscode-server/bin/8b617bd08fd9e3fc94d14adb8d358b56e3f72314/out/vs/workbench/api/node/extensionHostProcess.js:136:7847)
	at m.w (/root/.vscode-server/bin/8b617bd08fd9e3fc94d14adb8d358b56e3f72314/out/vs/workbench/api/node/extensionHostProcess.js:63:1902)
	at m.fire (/root/.vscode-server/bin/8b617bd08fd9e3fc94d14adb8d358b56e3f72314/out/vs/workbench/api/node/extensionHostProcess.js:63:2119)
	at v.fire (/root/.vscode-server/bin/8b617bd08fd9e3fc94d14adb8d358b56e3f72314/out/vs/workbench/api/node/extensionHostProcess.js:79:13940)
	at s.z (/root/.vscode-server/bin/8b617bd08fd9e3fc94d14adb8d358b56e3f72314/out/vs/workbench/api/node/extensionHostProcess.js:79:17005)
	at n.value (/root/.vscode-server/bin/8b617bd08fd9e3fc94d14adb8d358b56e3f72314/out/vs/workbench/api/node/extensionHostProcess.js:79:15457)
	at m.w (/root/.vscode-server/bin/8b617bd08fd9e3fc94d14adb8d358b56e3f72314/out/vs/workbench/api/node/extensionHostProcess.js:63:1902)
	at m.fire (/root/.vscode-server/bin/8b617bd08fd9e3fc94d14adb8d358b56e3f72314/out/vs/workbench/api/node/extensionHostProcess.js:63:2119)
	at n.acceptChunk (/root/.vscode-server/bin/8b617bd08fd9e3fc94d14adb8d358b56e3f72314/out/vs/workbench/api/node/extensionHostProcess.js:79:11714)
	at n.value (/root/.vscode-server/bin/8b617bd08fd9e3fc94d14adb8d358b56e3f72314/out/vs/workbench/api/node/extensionHostProcess.js:79:11001)
	at m.w (/root/.vscode-server/bin/8b617bd08fd9e3fc94d14adb8d358b56e3f72314/out/vs/workbench/api/node/extensionHostProcess.js:63:1902)
	at m.fire (/root/.vscode-server/bin/8b617bd08fd9e3fc94d14adb8d358b56e3f72314/out/vs/workbench/api/node/extensionHostProcess.js:63:2119)
	at m.u (/root/.vscode-server/bin/8b617bd08fd9e3fc94d14adb8d358b56e3f72314/out/vs/workbench/api/node/extensionHostProcess.js:133:19093)
	at m.acceptFrame (/root/.vscode-server/bin/8b617bd08fd9e3fc94d14adb8d358b56e3f72314/out/vs/workbench/api/node/extensionHostProcess.js:133:18899)
	at a.l (/root/.vscode-server/bin/8b617bd08fd9e3fc94d14adb8d358b56e3f72314/out/vs/workbench/api/node/extensionHostProcess.js:133:17532)
	at /root/.vscode-server/bin/8b617bd08fd9e3fc94d14adb8d358b56e3f72314/out/vs/workbench/api/node/extensionHostProcess.js:133:14879
	at Socket.p (/root/.vscode-server/bin/8b617bd08fd9e3fc94d14adb8d358b56e3f72314/out/vs/workbench/api/node/extensionHostProcess.js:133:12793)
	at Socket.emit (node:events:513:28)
	at addChunk (node:internal/streams/readable:324:12)
	at readableAddChunk (node:internal/streams/readable:297:9)
	at Readable.push (node:internal/streams/readable:234:10)
	at TCP.onStreamRead (node:internal/stream_base_commons:190:23) setContext undefined
2023-09-10 08:29:03.492 [error] Canceled: Canceled
	at Object.I [as $4] (/root/.vscode-server/bin/8b617bd08fd9e3fc94d14adb8d358b56e3f72314/out/vs/workbench/api/node/extensionHostProcess.js:10:1032)
	at /root/.vscode-server/bin/8b617bd08fd9e3fc94d14adb8d358b56e3f72314/out/vs/workbench/api/node/extensionHostProcess.js:117:7647
	at Array.forEach (<anonymous>)
	at i.dispose (/root/.vscode-server/bin/8b617bd08fd9e3fc94d14adb8d358b56e3f72314/out/vs/workbench/api/node/extensionHostProcess.js:117:7612)
	at n.terminate (/root/.vscode-server/bin/8b617bd08fd9e3fc94d14adb8d358b56e3f72314/out/vs/workbench/api/node/extensionHostProcess.js:119:7821)
	at o.terminate (/root/.vscode-server/bin/8b617bd08fd9e3fc94d14adb8d358b56e3f72314/out/vs/workbench/api/node/extensionHostProcess.js:123:1513)
	at D (/root/.vscode-server/bin/8b617bd08fd9e3fc94d14adb8d358b56e3f72314/out/vs/workbench/api/node/extensionHostProcess.js:136:9800)
	at n.value (/root/.vscode-server/bin/8b617bd08fd9e3fc94d14adb8d358b56e3f72314/out/vs/workbench/api/node/extensionHostProcess.js:136:7847)
	at m.w (/root/.vscode-server/bin/8b617bd08fd9e3fc94d14adb8d358b56e3f72314/out/vs/workbench/api/node/extensionHostProcess.js:63:1902)
	at m.fire (/root/.vscode-server/bin/8b617bd08fd9e3fc94d14adb8d358b56e3f72314/out/vs/workbench/api/node/extensionHostProcess.js:63:2119)
	at v.fire (/root/.vscode-server/bin/8b617bd08fd9e3fc94d14adb8d358b56e3f72314/out/vs/workbench/api/node/extensionHostProcess.js:79:13940)
	at s.z (/root/.vscode-server/bin/8b617bd08fd9e3fc94d14adb8d358b56e3f72314/out/vs/workbench/api/node/extensionHostProcess.js:79:17005)
	at n.value (/root/.vscode-server/bin/8b617bd08fd9e3fc94d14adb8d358b56e3f72314/out/vs/workbench/api/node/extensionHostProcess.js:79:15457)
	at m.w (/root/.vscode-server/bin/8b617bd08fd9e3fc94d14adb8d358b56e3f72314/out/vs/workbench/api/node/extensionHostProcess.js:63:1902)
	at m.fire (/root/.vscode-server/bin/8b617bd08fd9e3fc94d14adb8d358b56e3f72314/out/vs/workbench/api/node/extensionHostProcess.js:63:2119)
	at n.acceptChunk (/root/.vscode-server/bin/8b617bd08fd9e3fc94d14adb8d358b56e3f72314/out/vs/workbench/api/node/extensionHostProcess.js:79:11714)
	at n.value (/root/.vscode-server/bin/8b617bd08fd9e3fc94d14adb8d358b56e3f72314/out/vs/workbench/api/node/extensionHostProcess.js:79:11001)
	at m.w (/root/.vscode-server/bin/8b617bd08fd9e3fc94d14adb8d358b56e3f72314/out/vs/workbench/api/node/extensionHostProcess.js:63:1902)
	at m.fire (/root/.vscode-server/bin/8b617bd08fd9e3fc94d14adb8d358b56e3f72314/out/vs/workbench/api/node/extensionHostProcess.js:63:2119)
	at m.u (/root/.vscode-server/bin/8b617bd08fd9e3fc94d14adb8d358b56e3f72314/out/vs/workbench/api/node/extensionHostProcess.js:133:19093)
	at m.acceptFrame (/root/.vscode-server/bin/8b617bd08fd9e3fc94d14adb8d358b56e3f72314/out/vs/workbench/api/node/extensionHostProcess.js:133:18899)
	at a.l (/root/.vscode-server/bin/8b617bd08fd9e3fc94d14adb8d358b56e3f72314/out/vs/workbench/api/node/extensionHostProcess.js:133:17532)
	at /root/.vscode-server/bin/8b617bd08fd9e3fc94d14adb8d358b56e3f72314/out/vs/workbench/api/node/extensionHostProcess.js:133:14879
	at Socket.p (/root/.vscode-server/bin/8b617bd08fd9e3fc94d14adb8d358b56e3f72314/out/vs/workbench/api/node/extensionHostProcess.js:133:12793)
	at Socket.emit (node:events:513:28)
	at addChunk (node:internal/streams/readable:324:12)
	at readableAddChunk (node:internal/streams/readable:297:9)
	at Readable.push (node:internal/streams/readable:234:10)
	at TCP.onStreamRead (node:internal/stream_base_commons:190:23) setContext undefined
2023-09-10 08:29:03.492 [error] Canceled: Canceled
	at Object.I [as $4] (/root/.vscode-server/bin/8b617bd08fd9e3fc94d14adb8d358b56e3f72314/out/vs/workbench/api/node/extensionHostProcess.js:10:1032)
	at /root/.vscode-server/bin/8b617bd08fd9e3fc94d14adb8d358b56e3f72314/out/vs/workbench/api/node/extensionHostProcess.js:117:7647
	at Array.forEach (<anonymous>)
	at i.dispose (/root/.vscode-server/bin/8b617bd08fd9e3fc94d14adb8d358b56e3f72314/out/vs/workbench/api/node/extensionHostProcess.js:117:7612)
	at n.terminate (/root/.vscode-server/bin/8b617bd08fd9e3fc94d14adb8d358b56e3f72314/out/vs/workbench/api/node/extensionHostProcess.js:119:7821)
	at o.terminate (/root/.vscode-server/bin/8b617bd08fd9e3fc94d14adb8d358b56e3f72314/out/vs/workbench/api/node/extensionHostProcess.js:123:1513)
	at D (/root/.vscode-server/bin/8b617bd08fd9e3fc94d14adb8d358b56e3f72314/out/vs/workbench/api/node/extensionHostProcess.js:136:9800)
	at n.value (/root/.vscode-server/bin/8b617bd08fd9e3fc94d14adb8d358b56e3f72314/out/vs/workbench/api/node/extensionHostProcess.js:136:7847)
	at m.w (/root/.vscode-server/bin/8b617bd08fd9e3fc94d14adb8d358b56e3f72314/out/vs/workbench/api/node/extensionHostProcess.js:63:1902)
	at m.fire (/root/.vscode-server/bin/8b617bd08fd9e3fc94d14adb8d358b56e3f72314/out/vs/workbench/api/node/extensionHostProcess.js:63:2119)
	at v.fire (/root/.vscode-server/bin/8b617bd08fd9e3fc94d14adb8d358b56e3f72314/out/vs/workbench/api/node/extensionHostProcess.js:79:13940)
	at s.z (/root/.vscode-server/bin/8b617bd08fd9e3fc94d14adb8d358b56e3f72314/out/vs/workbench/api/node/extensionHostProcess.js:79:17005)
	at n.value (/root/.vscode-server/bin/8b617bd08fd9e3fc94d14adb8d358b56e3f72314/out/vs/workbench/api/node/extensionHostProcess.js:79:15457)
	at m.w (/root/.vscode-server/bin/8b617bd08fd9e3fc94d14adb8d358b56e3f72314/out/vs/workbench/api/node/extensionHostProcess.js:63:1902)
	at m.fire (/root/.vscode-server/bin/8b617bd08fd9e3fc94d14adb8d358b56e3f72314/out/vs/workbench/api/node/extensionHostProcess.js:63:2119)
	at n.acceptChunk (/root/.vscode-server/bin/8b617bd08fd9e3fc94d14adb8d358b56e3f72314/out/vs/workbench/api/node/extensionHostProcess.js:79:11714)
	at n.value (/root/.vscode-server/bin/8b617bd08fd9e3fc94d14adb8d358b56e3f72314/out/vs/workbench/api/node/extensionHostProcess.js:79:11001)
	at m.w (/root/.vscode-server/bin/8b617bd08fd9e3fc94d14adb8d358b56e3f72314/out/vs/workbench/api/node/extensionHostProcess.js:63:1902)
	at m.fire (/root/.vscode-server/bin/8b617bd08fd9e3fc94d14adb8d358b56e3f72314/out/vs/workbench/api/node/extensionHostProcess.js:63:2119)
	at m.u (/root/.vscode-server/bin/8b617bd08fd9e3fc94d14adb8d358b56e3f72314/out/vs/workbench/api/node/extensionHostProcess.js:133:19093)
	at m.acceptFrame (/root/.vscode-server/bin/8b617bd08fd9e3fc94d14adb8d358b56e3f72314/out/vs/workbench/api/node/extensionHostProcess.js:133:18899)
	at a.l (/root/.vscode-server/bin/8b617bd08fd9e3fc94d14adb8d358b56e3f72314/out/vs/workbench/api/node/extensionHostProcess.js:133:17532)
	at /root/.vscode-server/bin/8b617bd08fd9e3fc94d14adb8d358b56e3f72314/out/vs/workbench/api/node/extensionHostProcess.js:133:14879
	at Socket.p (/root/.vscode-server/bin/8b617bd08fd9e3fc94d14adb8d358b56e3f72314/out/vs/workbench/api/node/extensionHostProcess.js:133:12793)
	at Socket.emit (node:events:513:28)
	at addChunk (node:internal/streams/readable:324:12)
	at readableAddChunk (node:internal/streams/readable:297:9)
	at Readable.push (node:internal/streams/readable:234:10)
	at TCP.onStreamRead (node:internal/stream_base_commons:190:23) setContext undefined
2023-09-10 08:29:03.494 [error] Activating extension ms-toolsai.jupyter failed due to an error:
2023-09-10 08:29:03.494 [error] Canceled: Canceled
	at new h (/root/.vscode-server/bin/8b617bd08fd9e3fc94d14adb8d358b56e3f72314/out/vs/workbench/api/node/extensionHostProcess.js:108:57382)
	at i.O (/root/.vscode-server/bin/8b617bd08fd9e3fc94d14adb8d358b56e3f72314/out/vs/workbench/api/node/extensionHostProcess.js:117:10850)
	at j.<computed>.T.charCodeAt.j.<computed> (/root/.vscode-server/bin/8b617bd08fd9e3fc94d14adb8d358b56e3f72314/out/vs/workbench/api/node/extensionHostProcess.js:117:8289)
	at L.initializeExtensionStorage (/root/.vscode-server/bin/8b617bd08fd9e3fc94d14adb8d358b56e3f72314/out/vs/workbench/api/node/extensionHostProcess.js:110:135105)
	at new F (/root/.vscode-server/bin/8b617bd08fd9e3fc94d14adb8d358b56e3f72314/out/vs/workbench/api/node/extensionHostProcess.js:100:12342)
	at new h (/root/.vscode-server/bin/8b617bd08fd9e3fc94d14adb8d358b56e3f72314/out/vs/workbench/api/node/extensionHostProcess.js:100:13217)
	at n.cb (/root/.vscode-server/bin/8b617bd08fd9e3fc94d14adb8d358b56e3f72314/out/vs/workbench/api/node/extensionHostProcess.js:119:10996)
	at n.bb (/root/.vscode-server/bin/8b617bd08fd9e3fc94d14adb8d358b56e3f72314/out/vs/workbench/api/node/extensionHostProcess.js:119:10768)
	at n.$ (/root/.vscode-server/bin/8b617bd08fd9e3fc94d14adb8d358b56e3f72314/out/vs/workbench/api/node/extensionHostProcess.js:119:9952)
	at Object.actualActivateExtension (/root/.vscode-server/bin/8b617bd08fd9e3fc94d14adb8d358b56e3f72314/out/vs/workbench/api/node/extensionHostProcess.js:119:7098)
	at E.n (/root/.vscode-server/bin/8b617bd08fd9e3fc94d14adb8d358b56e3f72314/out/vs/workbench/api/node/extensionHostProcess.js:108:6219)
	at E.m (/root/.vscode-server/bin/8b617bd08fd9e3fc94d14adb8d358b56e3f72314/out/vs/workbench/api/node/extensionHostProcess.js:108:6180)
	at E.l (/root/.vscode-server/bin/8b617bd08fd9e3fc94d14adb8d358b56e3f72314/out/vs/workbench/api/node/extensionHostProcess.js:108:5637)
	at new E (/root/.vscode-server/bin/8b617bd08fd9e3fc94d14adb8d358b56e3f72314/out/vs/workbench/api/node/extensionHostProcess.js:108:5564)
	at C.k (/root/.vscode-server/bin/8b617bd08fd9e3fc94d14adb8d358b56e3f72314/out/vs/workbench/api/node/extensionHostProcess.js:108:5117)
	at C.j (/root/.vscode-server/bin/8b617bd08fd9e3fc94d14adb8d358b56e3f72314/out/vs/workbench/api/node/extensionHostProcess.js:108:5072)
	at /root/.vscode-server/bin/8b617bd08fd9e3fc94d14adb8d358b56e3f72314/out/vs/workbench/api/node/extensionHostProcess.js:108:4039
	at Array.map (<anonymous>)
	at C.h (/root/.vscode-server/bin/8b617bd08fd9e3fc94d14adb8d358b56e3f72314/out/vs/workbench/api/node/extensionHostProcess.js:108:4027)
	at C.activateByEvent (/root/.vscode-server/bin/8b617bd08fd9e3fc94d14adb8d358b56e3f72314/out/vs/workbench/api/node/extensionHostProcess.js:108:3704)
	at n.U (/root/.vscode-server/bin/8b617bd08fd9e3fc94d14adb8d358b56e3f72314/out/vs/workbench/api/node/extensionHostProcess.js:119:8342)
	at /root/.vscode-server/bin/8b617bd08fd9e3fc94d14adb8d358b56e3f72314/out/vs/workbench/api/node/extensionHostProcess.js:119:19695
	at process.processTicksAndRejections (node:internal/process/task_queues:95:5)
2023-09-10 08:29:03.495 [error] Activating extension ms-toolsai.vscode-jupyter-cell-tags failed due to an error:
2023-09-10 08:29:03.495 [error] Canceled: Canceled
	at new h (/root/.vscode-server/bin/8b617bd08fd9e3fc94d14adb8d358b56e3f72314/out/vs/workbench/api/node/extensionHostProcess.js:108:57382)
	at i.O (/root/.vscode-server/bin/8b617bd08fd9e3fc94d14adb8d358b56e3f72314/out/vs/workbench/api/node/extensionHostProcess.js:117:10850)
	at j.<computed>.T.charCodeAt.j.<computed> (/root/.vscode-server/bin/8b617bd08fd9e3fc94d14adb8d358b56e3f72314/out/vs/workbench/api/node/extensionHostProcess.js:117:8289)
	at L.initializeExtensionStorage (/root/.vscode-server/bin/8b617bd08fd9e3fc94d14adb8d358b56e3f72314/out/vs/workbench/api/node/extensionHostProcess.js:110:135105)
	at new F (/root/.vscode-server/bin/8b617bd08fd9e3fc94d14adb8d358b56e3f72314/out/vs/workbench/api/node/extensionHostProcess.js:100:12342)
	at new h (/root/.vscode-server/bin/8b617bd08fd9e3fc94d14adb8d358b56e3f72314/out/vs/workbench/api/node/extensionHostProcess.js:100:13217)
	at n.cb (/root/.vscode-server/bin/8b617bd08fd9e3fc94d14adb8d358b56e3f72314/out/vs/workbench/api/node/extensionHostProcess.js:119:10996)
	at n.bb (/root/.vscode-server/bin/8b617bd08fd9e3fc94d14adb8d358b56e3f72314/out/vs/workbench/api/node/extensionHostProcess.js:119:10768)
	at n.$ (/root/.vscode-server/bin/8b617bd08fd9e3fc94d14adb8d358b56e3f72314/out/vs/workbench/api/node/extensionHostProcess.js:119:9952)
	at Object.actualActivateExtension (/root/.vscode-server/bin/8b617bd08fd9e3fc94d14adb8d358b56e3f72314/out/vs/workbench/api/node/extensionHostProcess.js:119:7098)
	at E.n (/root/.vscode-server/bin/8b617bd08fd9e3fc94d14adb8d358b56e3f72314/out/vs/workbench/api/node/extensionHostProcess.js:108:6219)
	at E.m (/root/.vscode-server/bin/8b617bd08fd9e3fc94d14adb8d358b56e3f72314/out/vs/workbench/api/node/extensionHostProcess.js:108:6180)
	at E.l (/root/.vscode-server/bin/8b617bd08fd9e3fc94d14adb8d358b56e3f72314/out/vs/workbench/api/node/extensionHostProcess.js:108:5637)
	at new E (/root/.vscode-server/bin/8b617bd08fd9e3fc94d14adb8d358b56e3f72314/out/vs/workbench/api/node/extensionHostProcess.js:108:5564)
	at C.k (/root/.vscode-server/bin/8b617bd08fd9e3fc94d14adb8d358b56e3f72314/out/vs/workbench/api/node/extensionHostProcess.js:108:5117)
	at C.j (/root/.vscode-server/bin/8b617bd08fd9e3fc94d14adb8d358b56e3f72314/out/vs/workbench/api/node/extensionHostProcess.js:108:5072)
	at /root/.vscode-server/bin/8b617bd08fd9e3fc94d14adb8d358b56e3f72314/out/vs/workbench/api/node/extensionHostProcess.js:108:4039
	at Array.map (<anonymous>)
	at C.h (/root/.vscode-server/bin/8b617bd08fd9e3fc94d14adb8d358b56e3f72314/out/vs/workbench/api/node/extensionHostProcess.js:108:4027)
	at C.activateByEvent (/root/.vscode-server/bin/8b617bd08fd9e3fc94d14adb8d358b56e3f72314/out/vs/workbench/api/node/extensionHostProcess.js:108:3704)
	at n.U (/root/.vscode-server/bin/8b617bd08fd9e3fc94d14adb8d358b56e3f72314/out/vs/workbench/api/node/extensionHostProcess.js:119:8342)
	at /root/.vscode-server/bin/8b617bd08fd9e3fc94d14adb8d358b56e3f72314/out/vs/workbench/api/node/extensionHostProcess.js:119:19695
	at process.processTicksAndRejections (node:internal/process/task_queues:95:5)
2023-09-10 08:29:03.496 [error] Activating extension ms-toolsai.vscode-jupyter-slideshow failed due to an error:
2023-09-10 08:29:03.496 [error] Canceled: Canceled
	at new h (/root/.vscode-server/bin/8b617bd08fd9e3fc94d14adb8d358b56e3f72314/out/vs/workbench/api/node/extensionHostProcess.js:108:57382)
	at i.O (/root/.vscode-server/bin/8b617bd08fd9e3fc94d14adb8d358b56e3f72314/out/vs/workbench/api/node/extensionHostProcess.js:117:10850)
	at j.<computed>.T.charCodeAt.j.<computed> (/root/.vscode-server/bin/8b617bd08fd9e3fc94d14adb8d358b56e3f72314/out/vs/workbench/api/node/extensionHostProcess.js:117:8289)
	at L.initializeExtensionStorage (/root/.vscode-server/bin/8b617bd08fd9e3fc94d14adb8d358b56e3f72314/out/vs/workbench/api/node/extensionHostProcess.js:110:135105)
	at new F (/root/.vscode-server/bin/8b617bd08fd9e3fc94d14adb8d358b56e3f72314/out/vs/workbench/api/node/extensionHostProcess.js:100:12342)
	at new h (/root/.vscode-server/bin/8b617bd08fd9e3fc94d14adb8d358b56e3f72314/out/vs/workbench/api/node/extensionHostProcess.js:100:13217)
	at n.cb (/root/.vscode-server/bin/8b617bd08fd9e3fc94d14adb8d358b56e3f72314/out/vs/workbench/api/node/extensionHostProcess.js:119:10996)
	at n.bb (/root/.vscode-server/bin/8b617bd08fd9e3fc94d14adb8d358b56e3f72314/out/vs/workbench/api/node/extensionHostProcess.js:119:10768)
	at n.$ (/root/.vscode-server/bin/8b617bd08fd9e3fc94d14adb8d358b56e3f72314/out/vs/workbench/api/node/extensionHostProcess.js:119:9952)
	at Object.actualActivateExtension (/root/.vscode-server/bin/8b617bd08fd9e3fc94d14adb8d358b56e3f72314/out/vs/workbench/api/node/extensionHostProcess.js:119:7098)
	at E.n (/root/.vscode-server/bin/8b617bd08fd9e3fc94d14adb8d358b56e3f72314/out/vs/workbench/api/node/extensionHostProcess.js:108:6219)
	at E.m (/root/.vscode-server/bin/8b617bd08fd9e3fc94d14adb8d358b56e3f72314/out/vs/workbench/api/node/extensionHostProcess.js:108:6180)
	at E.l (/root/.vscode-server/bin/8b617bd08fd9e3fc94d14adb8d358b56e3f72314/out/vs/workbench/api/node/extensionHostProcess.js:108:5637)
	at new E (/root/.vscode-server/bin/8b617bd08fd9e3fc94d14adb8d358b56e3f72314/out/vs/workbench/api/node/extensionHostProcess.js:108:5564)
	at C.k (/root/.vscode-server/bin/8b617bd08fd9e3fc94d14adb8d358b56e3f72314/out/vs/workbench/api/node/extensionHostProcess.js:108:5117)
	at C.j (/root/.vscode-server/bin/8b617bd08fd9e3fc94d14adb8d358b56e3f72314/out/vs/workbench/api/node/extensionHostProcess.js:108:5072)
	at /root/.vscode-server/bin/8b617bd08fd9e3fc94d14adb8d358b56e3f72314/out/vs/workbench/api/node/extensionHostProcess.js:108:4039
	at Array.map (<anonymous>)
	at C.h (/root/.vscode-server/bin/8b617bd08fd9e3fc94d14adb8d358b56e3f72314/out/vs/workbench/api/node/extensionHostProcess.js:108:4027)
	at C.activateByEvent (/root/.vscode-server/bin/8b617bd08fd9e3fc94d14adb8d358b56e3f72314/out/vs/workbench/api/node/extensionHostProcess.js:108:3704)
	at n.U (/root/.vscode-server/bin/8b617bd08fd9e3fc94d14adb8d358b56e3f72314/out/vs/workbench/api/node/extensionHostProcess.js:119:8342)
	at /root/.vscode-server/bin/8b617bd08fd9e3fc94d14adb8d358b56e3f72314/out/vs/workbench/api/node/extensionHostProcess.js:119:19695
	at process.processTicksAndRejections (node:internal/process/task_queues:95:5)
2023-09-10 08:29:03.496 [error] Activating extension ms-toolsai.jupyter-renderers failed due to an error:
2023-09-10 08:29:03.497 [error] Canceled: Canceled
	at new h (/root/.vscode-server/bin/8b617bd08fd9e3fc94d14adb8d358b56e3f72314/out/vs/workbench/api/node/extensionHostProcess.js:108:57382)
	at i.O (/root/.vscode-server/bin/8b617bd08fd9e3fc94d14adb8d358b56e3f72314/out/vs/workbench/api/node/extensionHostProcess.js:117:10850)
	at j.<computed>.T.charCodeAt.j.<computed> (/root/.vscode-server/bin/8b617bd08fd9e3fc94d14adb8d358b56e3f72314/out/vs/workbench/api/node/extensionHostProcess.js:117:8289)
	at L.initializeExtensionStorage (/root/.vscode-server/bin/8b617bd08fd9e3fc94d14adb8d358b56e3f72314/out/vs/workbench/api/node/extensionHostProcess.js:110:135105)
	at new F (/root/.vscode-server/bin/8b617bd08fd9e3fc94d14adb8d358b56e3f72314/out/vs/workbench/api/node/extensionHostProcess.js:100:12342)
	at new h (/root/.vscode-server/bin/8b617bd08fd9e3fc94d14adb8d358b56e3f72314/out/vs/workbench/api/node/extensionHostProcess.js:100:13217)
	at n.cb (/root/.vscode-server/bin/8b617bd08fd9e3fc94d14adb8d358b56e3f72314/out/vs/workbench/api/node/extensionHostProcess.js:119:10996)
	at n.bb (/root/.vscode-server/bin/8b617bd08fd9e3fc94d14adb8d358b56e3f72314/out/vs/workbench/api/node/extensionHostProcess.js:119:10768)
	at n.$ (/root/.vscode-server/bin/8b617bd08fd9e3fc94d14adb8d358b56e3f72314/out/vs/workbench/api/node/extensionHostProcess.js:119:9952)
	at Object.actualActivateExtension (/root/.vscode-server/bin/8b617bd08fd9e3fc94d14adb8d358b56e3f72314/out/vs/workbench/api/node/extensionHostProcess.js:119:7098)
	at E.n (/root/.vscode-server/bin/8b617bd08fd9e3fc94d14adb8d358b56e3f72314/out/vs/workbench/api/node/extensionHostProcess.js:108:6219)
	at E.m (/root/.vscode-server/bin/8b617bd08fd9e3fc94d14adb8d358b56e3f72314/out/vs/workbench/api/node/extensionHostProcess.js:108:6180)
	at E.l (/root/.vscode-server/bin/8b617bd08fd9e3fc94d14adb8d358b56e3f72314/out/vs/workbench/api/node/extensionHostProcess.js:108:5637)
	at new E (/root/.vscode-server/bin/8b617bd08fd9e3fc94d14adb8d358b56e3f72314/out/vs/workbench/api/node/extensionHostProcess.js:108:5564)
	at C.k (/root/.vscode-server/bin/8b617bd08fd9e3fc94d14adb8d358b56e3f72314/out/vs/workbench/api/node/extensionHostProcess.js:108:5117)
	at C.j (/root/.vscode-server/bin/8b617bd08fd9e3fc94d14adb8d358b56e3f72314/out/vs/workbench/api/node/extensionHostProcess.js:108:5072)
	at /root/.vscode-server/bin/8b617bd08fd9e3fc94d14adb8d358b56e3f72314/out/vs/workbench/api/node/extensionHostProcess.js:108:4039
	at Array.map (<anonymous>)
	at C.h (/root/.vscode-server/bin/8b617bd08fd9e3fc94d14adb8d358b56e3f72314/out/vs/workbench/api/node/extensionHostProcess.js:108:4027)
	at C.activateByEvent (/root/.vscode-server/bin/8b617bd08fd9e3fc94d14adb8d358b56e3f72314/out/vs/workbench/api/node/extensionHostProcess.js:108:3704)
	at n.U (/root/.vscode-server/bin/8b617bd08fd9e3fc94d14adb8d358b56e3f72314/out/vs/workbench/api/node/extensionHostProcess.js:119:8342)
	at /root/.vscode-server/bin/8b617bd08fd9e3fc94d14adb8d358b56e3f72314/out/vs/workbench/api/node/extensionHostProcess.js:119:19695
	at process.processTicksAndRejections (node:internal/process/task_queues:95:5)
2023-09-10 08:29:03.506 [error] Canceled: Canceled
	at new h (/root/.vscode-server/bin/8b617bd08fd9e3fc94d14adb8d358b56e3f72314/out/vs/workbench/api/node/extensionHostProcess.js:108:57382)
	at i.O (/root/.vscode-server/bin/8b617bd08fd9e3fc94d14adb8d358b56e3f72314/out/vs/workbench/api/node/extensionHostProcess.js:117:10850)
	at j.<computed>.T.charCodeAt.j.<computed> (/root/.vscode-server/bin/8b617bd08fd9e3fc94d14adb8d358b56e3f72314/out/vs/workbench/api/node/extensionHostProcess.js:117:8289)
	at r.g (/root/.vscode-server/bin/8b617bd08fd9e3fc94d14adb8d358b56e3f72314/out/vs/workbench/api/node/extensionHostProcess.js:108:82208)
	at r.executeCommand (/root/.vscode-server/bin/8b617bd08fd9e3fc94d14adb8d358b56e3f72314/out/vs/workbench/api/node/extensionHostProcess.js:108:81646)
	at u.registerCommand.description (/root/.vscode-server/bin/8b617bd08fd9e3fc94d14adb8d358b56e3f72314/out/vs/workbench/api/node/extensionHostProcess.js:108:80967)
	at r.h (/root/.vscode-server/bin/8b617bd08fd9e3fc94d14adb8d358b56e3f72314/out/vs/workbench/api/node/extensionHostProcess.js:108:82744)
	at r.g (/root/.vscode-server/bin/8b617bd08fd9e3fc94d14adb8d358b56e3f72314/out/vs/workbench/api/node/extensionHostProcess.js:108:81739)
	at r.executeCommand (/root/.vscode-server/bin/8b617bd08fd9e3fc94d14adb8d358b56e3f72314/out/vs/workbench/api/node/extensionHostProcess.js:108:81646)
	at Object.executeCommand (/root/.vscode-server/bin/8b617bd08fd9e3fc94d14adb8d358b56e3f72314/out/vs/workbench/api/node/extensionHostProcess.js:123:21247)
	at g.setState (/root/.vscode-server/bin/8b617bd08fd9e3fc94d14adb8d358b56e3f72314/extensions/git/dist/main.js:2:1314884)
	at /root/.vscode-server/bin/8b617bd08fd9e3fc94d14adb8d358b56e3f72314/extensions/git/dist/main.js:2:1316652
	at <anonymous> setContext undefined
2023-09-10 08:29:04.507 [error] Error: Channel has been closed
	at i (/root/.vscode-server/bin/8b617bd08fd9e3fc94d14adb8d358b56e3f72314/out/vs/workbench/api/node/extensionHostProcess.js:118:2880)
	at Object.trace (/root/.vscode-server/bin/8b617bd08fd9e3fc94d14adb8d358b56e3f72314/out/vs/workbench/api/node/extensionHostProcess.js:118:3145)
	at g.openRepository (/root/.vscode-server/bin/8b617bd08fd9e3fc94d14adb8d358b56e3f72314/extensions/git/dist/main.js:2:1322320)
	at async r (/root/.vscode-server/bin/8b617bd08fd9e3fc94d14adb8d358b56e3f72314/extensions/git/dist/main.js:2:1265487)
2023-09-10 08:29:07.986 [info] Extension host with pid 15661 exiting with code 0
